Arguments: 
  C:\Program Files\nodejs\node.exe C:\Users\Luc\AppData\Roaming\npm\node_modules\yarn\bin\yarn.js install

PATH: 
  C:\Rails\Git\cmd;C:\Rails\Ruby2.2.0\bin;C:\Ruby26-x64\bin;C:\WINDOWS\system32;C:\WINDOWS;C:\WINDOWS\System32\Wbem;C:\WINDOWS\System32\WindowsPowerShell\v1.0\;C:\WINDOWS\System32\OpenSSH\;C:\Program Files\Git\cmd;C:\Program Files\PuTTY\;C:\Program Files\nodejs\;C:\Users\Luc\AppData\Local\Microsoft\WindowsApps;;C:\Program Files\Microsoft VS Code\bin;C:\Program Files\heroku\bin;C:\Users\Luc\AppData\Local\Programs\Microsoft VS Code\bin;C:\Users\Luc\AppData\Roaming\npm

Yarn version: 
  1.17.3

Node version: 
  12.16.3

Platform: 
  win32 x64

Trace: 
  Error: EPERM: operation not permitted, lstat 'C:\Users\Luc\Desktop\KPC-Website\eShop\node_modules\css-vendor\.env'

npm manifest: 
  {
    "name": "eshop",
    "version": "1.0.0",
    "description": "",
    "main": "server.js",
    "scripts": {
      "start": "node server",
      "server": "nodemon server",
      "client": "npm start --prefix client",
      "dev": "concurrently \"npm run server\" \"npm run client\""
    },
    "keywords": [],
    "author": "",
    "license": "ISC",
    "dependencies": {
      "@sendgrid/mail": "^6.5.5",
      "bcryptjs": "^2.4.3",
      "body-parser": "^1.19.0",
      "braintree": "^2.24.0",
      "config": "^3.3.1",
      "cookie-parser": "^1.4.5",
      "cors": "^2.8.5",
      "crypto": "^1.0.1",
      "dotenv": "^8.2.0",
      "express": "^4.17.1",
      "express-jwt": "^5.3.3",
      "express-validator": "^5.3.1",
      "formidable": "^1.2.2",
      "jsonwebtoken": "^8.5.1",
      "lodash": "^4.17.20",
      "mdbreact": "^4.27.0",
      "mongoose": "^5.10.0",
      "morgan": "^1.10.0",
      "multer": "^1.4.2",
      "nodemon": "^2.0.4",
      "uuid": "^3.4.0"
    }
  }

yarn manifest: 
  No manifest

Lockfile: 
  No lockfile
